INFO 2025-07-17 04:10:07,075 basehttp 24292 15516 "GET / HTTP/1.1" 200 25390
WARNING 2025-07-17 04:10:07,174 basehttp 24292 15516 "GET /static/js/ubl-manager.js HTTP/1.1" 404 1911
INFO 2025-07-17 04:10:10,421 basehttp 24292 17548 "GET /admin HTTP/1.1" 301 0
INFO 2025-07-17 04:10:10,651 basehttp 24292 23744 "GET /admin/ HTTP/1.1" 200 5640
INFO 2025-07-17 04:10:10,888 basehttp 24292 28208 "GET /static/admin/css/dark_mode.css HTTP/1.1" 200 2929
INFO 2025-07-17 04:10:10,899 basehttp 24292 28220 "GET /static/admin/css/responsive.css HTTP/1.1" 200 18533
INFO 2025-07-17 04:10:10,903 basehttp 24292 3836 "GET /static/admin/css/nav_sidebar.css HTTP/1.1" 200 2694
INFO 2025-07-17 04:10:10,903 basehttp 24292 30392 "GET /static/admin/css/dashboard.css HTTP/1.1" 200 441
INFO 2025-07-17 04:10:10,904 basehttp 24292 23744 "GET /static/admin/css/base.css HTTP/1.1" 200 21207
INFO 2025-07-17 04:10:10,913 basehttp 24292 33340 "GET /static/admin/js/theme.js HTTP/1.1" 200 1943
INFO 2025-07-17 04:10:10,913 basehttp 24292 28208 "GET /static/admin/js/nav_sidebar.js HTTP/1.1" 200 3063
INFO 2025-07-17 04:10:10,919 basehttp 24292 23744 "GET /static/admin/img/icon-addlink.svg HTTP/1.1" 200 331
INFO 2025-07-17 04:10:10,920 basehttp 24292 30392 "GET /static/admin/img/icon-changelink.svg HTTP/1.1" 200 380
INFO 2025-07-17 04:10:18,675 basehttp 24292 28108 "GET /admin/auth/group/ HTTP/1.1" 200 7360
INFO 2025-07-17 04:10:18,722 basehttp 24292 28108 "GET /static/admin/css/changelists.css HTTP/1.1" 200 6566
INFO 2025-07-17 04:10:18,731 basehttp 24292 13168 "GET /static/admin/js/jquery.init.js HTTP/1.1" 200 347
INFO 2025-07-17 04:10:18,742 basehttp 24292 24008 "GET /static/admin/js/core.js HTTP/1.1" 200 5682
INFO 2025-07-17 04:10:18,748 basehttp 24292 13224 "GET /static/admin/js/admin/RelatedObjectLookups.js HTTP/1.1" 200 8943
INFO 2025-07-17 04:10:18,751 basehttp 24292 28108 "GET /static/admin/js/actions.js HTTP/1.1" 200 7872
INFO 2025-07-17 04:10:18,759 basehttp 24292 13168 "GET /static/admin/js/urlify.js HTTP/1.1" 200 7887
INFO 2025-07-17 04:10:18,764 basehttp 24292 24008 "GET /static/admin/js/prepopulate.js HTTP/1.1" 200 1531
INFO 2025-07-17 04:10:18,770 basehttp 24292 28108 "GET /static/admin/img/search.svg HTTP/1.1" 200 458
INFO 2025-07-17 04:10:18,786 basehttp 24292 17428 "GET /static/admin/js/vendor/jquery/jquery.js HTTP/1.1" 200 292458
INFO 2025-07-17 04:10:18,791 basehttp 24292 27100 "GET /admin/jsi18n/ HTTP/1.1" 200 8006
INFO 2025-07-17 04:10:18,806 basehttp 24292 13224 "GET /static/admin/js/vendor/xregexp/xregexp.js HTTP/1.1" 200 232381
INFO 2025-07-17 04:10:18,810 basehttp 24292 27100 "GET /static/admin/js/filters.js HTTP/1.1" 200 978
INFO 2025-07-17 04:10:18,827 basehttp 24292 13224 "GET /static/admin/img/tooltag-add.svg HTTP/1.1" 200 331
INFO 2025-07-17 04:10:19,525 basehttp 24292 13224 "GET /admin/ HTTP/1.1" 200 5640
INFO 2025-07-17 04:12:47,785 autoreload 12760 26584 Watching for file changes with StatReloader
INFO 2025-07-17 11:42:09,072 autoreload 12760 26584 C:\Users\jhami\OneDrive\Documentos\proyectos\conversor_ubl_sunat\core\admin.py changed, reloading.
INFO 2025-07-17 11:42:11,270 autoreload 26848 17684 Watching for file changes with StatReloader
INFO 2025-07-17 11:43:09,997 autoreload 26848 17684 C:\Users\jhami\OneDrive\Documentos\proyectos\conversor_ubl_sunat\ubl_converter\admin.py changed, reloading.
INFO 2025-07-17 11:43:10,725 autoreload 24096 17460 Watching for file changes with StatReloader
INFO 2025-07-17 11:45:28,941 basehttp 24096 29048 "GET / HTTP/1.1" 200 25390
WARNING 2025-07-17 11:45:29,116 basehttp 24096 29048 "GET /static/js/ubl-manager.js HTTP/1.1" 404 1911
WARNING 2025-07-17 11:46:44,764 log 24096 3544 Not Found: /.well-known/appspecific/com.chrome.devtools.json
WARNING 2025-07-17 11:46:44,765 basehttp 24096 3544 "GET /.well-known/appspecific/com.chrome.devtools.json HTTP/1.1" 404 3649
INFO 2025-07-17 11:53:06,857 autoreload 24096 17460 C:\Users\jhami\OneDrive\Documentos\proyectos\conversor_ubl_sunat\ubl_converter\admin.py changed, reloading.
INFO 2025-07-17 11:53:08,319 autoreload 30440 21808 Watching for file changes with StatReloader
INFO 2025-07-17 11:57:30,255 basehttp 30440 21388 "GET / HTTP/1.1" 200 25401
INFO 2025-07-17 11:57:30,484 basehttp 30440 21388 "GET /static/js/ubl-tester.js HTTP/1.1" 200 39401
INFO 2025-07-17 11:57:32,077 basehttp 30440 21388 "GET / HTTP/1.1" 200 25401
INFO 2025-07-17 11:57:34,698 basehttp 30440 21388 "GET /api/test-sunat-connection/ HTTP/1.1" 200 326
WARNING 2025-07-17 11:57:35,344 log 30440 21388 Not Found: /.well-known/appspecific/com.chrome.devtools.json
WARNING 2025-07-17 11:57:35,344 basehttp 30440 21388 "GET /.well-known/appspecific/com.chrome.devtools.json HTTP/1.1" 404 3649
INFO 2025-07-17 11:57:54,851 basehttp 30440 26788 "POST /api/create-invoice-manual/ HTTP/1.1" 201 255
INFO 2025-07-17 11:57:54,929 basehttp 30440 26788 "GET /api/documents/ HTTP/1.1" 200 1283
INFO 2025-07-17 11:57:54,998 basehttp 30440 26788 "GET /api/documents/ HTTP/1.1" 200 1283
ERROR 2025-07-17 11:59:35,992 views 30440 26176 Error obteniendo contenido de archivo: Archivo no encontrado
ERROR 2025-07-17 11:59:35,993 log 30440 26176 Internal Server Error: /api/file-content/
ERROR 2025-07-17 11:59:35,994 basehttp 30440 26176 "GET /api/file-content/?path=true HTTP/1.1" 500 52
ERROR 2025-07-17 11:59:38,234 views 30440 36060 Error obteniendo contenido de archivo: Archivo no encontrado
ERROR 2025-07-17 11:59:38,235 log 30440 36060 Internal Server Error: /api/file-content/
ERROR 2025-07-17 11:59:38,236 basehttp 30440 36060 "GET /api/file-content/?path=true HTTP/1.1" 500 52
WARNING 2025-07-17 11:59:45,568 log 30440 36060 Bad Request: /api/invoice/9/sign/
WARNING 2025-07-17 11:59:45,569 basehttp 30440 36060 "POST /api/invoice/9/sign/ HTTP/1.1" 400 62
INFO 2025-07-17 11:59:52,138 basehttp 30440 14444 "GET /api/documents/ HTTP/1.1" 200 1283
ERROR 2025-07-17 11:59:58,612 views 30440 19240 Error firmando XML: [Errno 2] No such file or directory: 'C:\\Users\\jhami\\OneDrive\\Documentos\\proyectos\\conversor_ubl_sunat\\media\\xml_files\\23022479065-03-B001-00000003_signed.xml'
ERROR 2025-07-17 11:59:58,612 log 30440 19240 Internal Server Error: /api/invoice/8/sign/
ERROR 2025-07-17 11:59:58,614 basehttp 30440 19240 "POST /api/invoice/8/sign/ HTTP/1.1" 500 217
INFO 2025-07-17 12:00:21,895 basehttp 30440 21720 "POST /api/invoice/8/convert-ubl/ HTTP/1.1" 200 795
INFO 2025-07-17 12:00:21,957 basehttp 30440 21720 "GET /api/invoice/8/status/ HTTP/1.1" 200 708
INFO 2025-07-17 12:00:26,849 signer 30440 21720 Cargando certificado desde: media/certificates/C23022479065.pfx
INFO 2025-07-17 12:00:27,031 signer 30440 21720 Certificado cargado exitosamente
INFO 2025-07-17 12:00:27,036 signer 30440 21720 Iniciando firma digital para documento: 23022479065-03-B001-00000003
INFO 2025-07-17 12:00:27,054 signer 30440 21720 Firma digital completada para documento: 23022479065-03-B001-00000003
INFO 2025-07-17 12:00:27,077 basehttp 30440 21720 "POST /api/invoice/8/sign/ HTTP/1.1" 200 912
INFO 2025-07-17 12:00:27,130 basehttp 30440 21720 "GET /api/invoice/8/status/ HTTP/1.1" 200 711
INFO 2025-07-17 12:00:39,860 basehttp 30440 20868 "POST /api/invoice/8/send-sunat/ HTTP/1.1" 200 466
INFO 2025-07-17 12:00:39,932 basehttp 30440 20868 "GET /api/invoice/8/status/ HTTP/1.1" 200 769
INFO 2025-07-17 12:00:52,226 basehttp 30440 32524 "GET /api/invoice/8/status/ HTTP/1.1" 200 769
ERROR 2025-07-17 12:01:10,448 views 30440 18540 Error obteniendo contenido de archivo: Archivo no encontrado
ERROR 2025-07-17 12:01:10,448 log 30440 18540 Internal Server Error: /api/file-content/
ERROR 2025-07-17 12:01:10,448 basehttp 30440 18540 "GET /api/file-content/?path=C%3AUsersjhamiOneDriveDocumentosproyectosconversor_ubl_sunatmediazip_files%C2%9822479065-03-B001-00000003.zip HTTP/1.1" 500 52
ERROR 2025-07-17 12:01:12,114 views 30440 18540 Error obteniendo contenido de archivo: Archivo no encontrado
ERROR 2025-07-17 12:01:12,116 log 30440 18540 Internal Server Error: /api/file-content/
ERROR 2025-07-17 12:01:12,116 basehttp 30440 18540 "GET /api/file-content/?path=C%3AUsersjhamiOneDriveDocumentosproyectosconversor_ubl_sunatmediazip_files%C2%9822479065-03-B001-00000003.zip HTTP/1.1" 500 52
WARNING 2025-07-17 12:01:44,841 log 30440 18540 Not Found: /.well-known/appspecific/com.chrome.devtools.json
WARNING 2025-07-17 12:01:44,842 basehttp 30440 18540 "GET /.well-known/appspecific/com.chrome.devtools.json HTTP/1.1" 404 3649
INFO 2025-07-17 12:04:19,255 basehttp 30440 26284 "GET /admin HTTP/1.1" 301 0
INFO 2025-07-17 12:04:19,399 basehttp 30440 19388 "GET /admin/ HTTP/1.1" 200 9774
INFO 2025-07-17 12:04:19,448 basehttp 30440 12524 "GET /static/admin/css/nav_sidebar.css HTTP/1.1" 200 2694
INFO 2025-07-17 12:04:19,448 basehttp 30440 34112 "GET /static/admin/css/dark_mode.css HTTP/1.1" 200 2929
INFO 2025-07-17 12:04:19,448 basehttp 30440 19388 "GET /static/admin/css/base.css HTTP/1.1" 200 21207
INFO 2025-07-17 12:04:19,449 basehttp 30440 17712 "GET /static/admin/css/dashboard.css HTTP/1.1" 200 441
INFO 2025-07-17 12:04:19,451 basehttp 30440 26472 "GET /static/admin/js/theme.js HTTP/1.1" 200 1943
INFO 2025-07-17 12:04:19,452 basehttp 30440 9756 "GET /static/admin/css/responsive.css HTTP/1.1" 200 18533
INFO 2025-07-17 12:04:19,454 basehttp 30440 34112 "GET /static/admin/js/nav_sidebar.js HTTP/1.1" 200 3063
INFO 2025-07-17 12:04:19,461 basehttp 30440 34112 "GET /static/admin/img/icon-addlink.svg HTTP/1.1" 200 331
INFO 2025-07-17 12:04:19,462 basehttp 30440 9756 "GET /static/admin/img/icon-changelink.svg HTTP/1.1" 200 380
ERROR 2025-07-17 12:04:24,407 log 30440 9756 Internal Server Error: /admin/ubl_converter/invoice/
Traceback (most recent call last):
  File "C:\Users\jhami\OneDrive\Documentos\proyectos\conversor_ubl_sunat\venv\Lib\site-packages\django\db\models\options.py", line 681, in get_field
    return self.fields_map[field_name]
           ~~~~~~~~~~~~~~~^^^^^^^^^^^^
KeyError: 'total_amount_display'

During handling of the above exception, another exception occurred:

Traceback (most recent call last):
  File "C:\Users\jhami\OneDrive\Documentos\proyectos\conversor_ubl_sunat\venv\Lib\site-packages\django\contrib\admin\utils.py", line 272, in lookup_field
    f = _get_non_gfk_field(opts, name)
        ^^^^^^^^^^^^^^^^^^^^^^^^^^^^^^
  File "C:\Users\jhami\OneDrive\Documentos\proyectos\conversor_ubl_sunat\venv\Lib\site-packages\django\contrib\admin\utils.py", line 303, in _get_non_gfk_field
    field = opts.get_field(name)
            ^^^^^^^^^^^^^^^^^^^^
  File "C:\Users\jhami\OneDrive\Documentos\proyectos\conversor_ubl_sunat\venv\Lib\site-packages\django\db\models\options.py", line 683, in get_field
    raise FieldDoesNotExist(
django.core.exceptions.FieldDoesNotExist: Invoice has no field named 'total_amount_display'

During handling of the above exception, another exception occurred:

Traceback (most recent call last):
  File "C:\Users\jhami\OneDrive\Documentos\proyectos\conversor_ubl_sunat\venv\Lib\site-packages\django\core\handlers\exception.py", line 55, in inner
    response = get_response(request)
               ^^^^^^^^^^^^^^^^^^^^^
  File "C:\Users\jhami\OneDrive\Documentos\proyectos\conversor_ubl_sunat\venv\Lib\site-packages\django\core\handlers\base.py", line 220, in _get_response
    response = response.render()
               ^^^^^^^^^^^^^^^^^
  File "C:\Users\jhami\OneDrive\Documentos\proyectos\conversor_ubl_sunat\venv\Lib\site-packages\django\template\response.py", line 114, in render
    self.content = self.rendered_content
                   ^^^^^^^^^^^^^^^^^^^^^
  File "C:\Users\jhami\OneDrive\Documentos\proyectos\conversor_ubl_sunat\venv\Lib\site-packages\django\template\response.py", line 92, in rendered_content
    return template.render(context, self._request)
           ^^^^^^^^^^^^^^^^^^^^^^^^^^^^^^^^^^^^^^^
  File "C:\Users\jhami\OneDrive\Documentos\proyectos\conversor_ubl_sunat\venv\Lib\site-packages\django\template\backends\django.py", line 61, in render
    return self.template.render(context)
           ^^^^^^^^^^^^^^^^^^^^^^^^^^^^^
  File "C:\Users\jhami\OneDrive\Documentos\proyectos\conversor_ubl_sunat\venv\Lib\site-packages\django\template\base.py", line 175, in render
    return self._render(context)
           ^^^^^^^^^^^^^^^^^^^^^
  File "C:\Users\jhami\OneDrive\Documentos\proyectos\conversor_ubl_sunat\venv\Lib\site-packages\django\template\base.py", line 167, in _render
    return self.nodelist.render(context)
           ^^^^^^^^^^^^^^^^^^^^^^^^^^^^^
  File "C:\Users\jhami\OneDrive\Documentos\proyectos\conversor_ubl_sunat\venv\Lib\site-packages\django\template\base.py", line 1005, in render
    return SafeString("".join([node.render_annotated(context) for node in self]))
                               ^^^^^^^^^^^^^^^^^^^^^^^^^^^^^^
  File "C:\Users\jhami\OneDrive\Documentos\proyectos\conversor_ubl_sunat\venv\Lib\site-packages\django\template\base.py", line 966, in render_annotated
    return self.render(context)
           ^^^^^^^^^^^^^^^^^^^^
  File "C:\Users\jhami\OneDrive\Documentos\proyectos\conversor_ubl_sunat\venv\Lib\site-packages\django\template\loader_tags.py", line 157, in render
    return compiled_parent._render(context)
           ^^^^^^^^^^^^^^^^^^^^^^^^^^^^^^^^
  File "C:\Users\jhami\OneDrive\Documentos\proyectos\conversor_ubl_sunat\venv\Lib\site-packages\django\template\base.py", line 167, in _render
    return self.nodelist.render(context)
           ^^^^^^^^^^^^^^^^^^^^^^^^^^^^^
  File "C:\Users\jhami\OneDrive\Documentos\proyectos\conversor_ubl_sunat\venv\Lib\site-packages\django\template\base.py", line 1005, in render
    return SafeString("".join([node.render_annotated(context) for node in self]))
                               ^^^^^^^^^^^^^^^^^^^^^^^^^^^^^^
  File "C:\Users\jhami\OneDrive\Documentos\proyectos\conversor_ubl_sunat\venv\Lib\site-packages\django\template\base.py", line 966, in render_annotated
    return self.render(context)
           ^^^^^^^^^^^^^^^^^^^^
  File "C:\Users\jhami\OneDrive\Documentos\proyectos\conversor_ubl_sunat\venv\Lib\site-packages\django\template\loader_tags.py", line 157, in render
    return compiled_parent._render(context)
           ^^^^^^^^^^^^^^^^^^^^^^^^^^^^^^^^
  File "C:\Users\jhami\OneDrive\Documentos\proyectos\conversor_ubl_sunat\venv\Lib\site-packages\django\template\base.py", line 167, in _render
    return self.nodelist.render(context)
           ^^^^^^^^^^^^^^^^^^^^^^^^^^^^^
  File "C:\Users\jhami\OneDrive\Documentos\proyectos\conversor_ubl_sunat\venv\Lib\site-packages\django\template\base.py", line 1005, in render
    return SafeString("".join([node.render_annotated(context) for node in self]))
                               ^^^^^^^^^^^^^^^^^^^^^^^^^^^^^^
  File "C:\Users\jhami\OneDrive\Documentos\proyectos\conversor_ubl_sunat\venv\Lib\site-packages\django\template\base.py", line 966, in render_annotated
    return self.render(context)
           ^^^^^^^^^^^^^^^^^^^^
  File "C:\Users\jhami\OneDrive\Documentos\proyectos\conversor_ubl_sunat\venv\Lib\site-packages\django\template\loader_tags.py", line 63, in render
    result = block.nodelist.render(context)
             ^^^^^^^^^^^^^^^^^^^^^^^^^^^^^^
  File "C:\Users\jhami\OneDrive\Documentos\proyectos\conversor_ubl_sunat\venv\Lib\site-packages\django\template\base.py", line 1005, in render
    return SafeString("".join([node.render_annotated(context) for node in self]))
                               ^^^^^^^^^^^^^^^^^^^^^^^^^^^^^^
  File "C:\Users\jhami\OneDrive\Documentos\proyectos\conversor_ubl_sunat\venv\Lib\site-packages\django\template\base.py", line 966, in render_annotated
    return self.render(context)
           ^^^^^^^^^^^^^^^^^^^^
  File "C:\Users\jhami\OneDrive\Documentos\proyectos\conversor_ubl_sunat\venv\Lib\site-packages\django\template\loader_tags.py", line 63, in render
    result = block.nodelist.render(context)
             ^^^^^^^^^^^^^^^^^^^^^^^^^^^^^^
  File "C:\Users\jhami\OneDrive\Documentos\proyectos\conversor_ubl_sunat\venv\Lib\site-packages\django\template\base.py", line 1005, in render
    return SafeString("".join([node.render_annotated(context) for node in self]))
                               ^^^^^^^^^^^^^^^^^^^^^^^^^^^^^^
  File "C:\Users\jhami\OneDrive\Documentos\proyectos\conversor_ubl_sunat\venv\Lib\site-packages\django\template\base.py", line 966, in render_annotated
    return self.render(context)
           ^^^^^^^^^^^^^^^^^^^^
  File "C:\Users\jhami\OneDrive\Documentos\proyectos\conversor_ubl_sunat\venv\Lib\site-packages\django\contrib\admin\templatetags\base.py", line 45, in render
    return super().render(context)
           ^^^^^^^^^^^^^^^^^^^^^^^
  File "C:\Users\jhami\OneDrive\Documentos\proyectos\conversor_ubl_sunat\venv\Lib\site-packages\django\template\library.py", line 258, in render
    _dict = self.func(*resolved_args, **resolved_kwargs)
            ^^^^^^^^^^^^^^^^^^^^^^^^^^^^^^^^^^^^^^^^^^^^
  File "C:\Users\jhami\OneDrive\Documentos\proyectos\conversor_ubl_sunat\venv\Lib\site-packages\django\contrib\admin\templatetags\admin_list.py", line 336, in result_list
    "results": list(results(cl)),
               ^^^^^^^^^^^^^^^^^
  File "C:\Users\jhami\OneDrive\Documentos\proyectos\conversor_ubl_sunat\venv\Lib\site-packages\django\contrib\admin\templatetags\admin_list.py", line 312, in results
    yield ResultList(None, items_for_result(cl, res, None))
          ^^^^^^^^^^^^^^^^^^^^^^^^^^^^^^^^^^^^^^^^^^^^^^^^^
  File "C:\Users\jhami\OneDrive\Documentos\proyectos\conversor_ubl_sunat\venv\Lib\site-packages\django\contrib\admin\templatetags\admin_list.py", line 303, in __init__
    super().__init__(*items)
  File "C:\Users\jhami\OneDrive\Documentos\proyectos\conversor_ubl_sunat\venv\Lib\site-packages\django\contrib\admin\templatetags\admin_list.py", line 213, in items_for_result
    f, attr, value = lookup_field(field_name, result, cl.model_admin)
                     ^^^^^^^^^^^^^^^^^^^^^^^^^^^^^^^^^^^^^^^^^^^^^^^^
  File "C:\Users\jhami\OneDrive\Documentos\proyectos\conversor_ubl_sunat\venv\Lib\site-packages\django\contrib\admin\utils.py", line 281, in lookup_field
    value = attr(obj)
            ^^^^^^^^^
  File "C:\Users\jhami\OneDrive\Documentos\proyectos\conversor_ubl_sunat\ubl_converter\admin.py", line 187, in total_amount_display
    return format_html(
           ^^^^^^^^^^^^
  File "C:\Users\jhami\OneDrive\Documentos\proyectos\conversor_ubl_sunat\venv\Lib\site-packages\django\utils\html.py", line 105, in format_html
    return mark_safe(format_string.format(*args_safe, **kwargs_safe))
                     ^^^^^^^^^^^^^^^^^^^^^^^^^^^^^^^^^^^^^^^^^^^^^^^
ValueError: Unknown format code 'f' for object of type 'SafeString'
ERROR 2025-07-17 12:04:24,415 basehttp 30440 9756 "GET /admin/ubl_converter/invoice/ HTTP/1.1" 500 406904
INFO 2025-07-17 12:04:25,407 basehttp 30440 9756 "GET /admin/ HTTP/1.1" 200 9774
ERROR 2025-07-17 12:04:26,302 log 30440 9756 Internal Server Error: /admin/ubl_converter/invoicepayment/
Traceback (most recent call last):
  File "C:\Users\jhami\OneDrive\Documentos\proyectos\conversor_ubl_sunat\venv\Lib\site-packages\django\db\models\options.py", line 681, in get_field
    return self.fields_map[field_name]
           ~~~~~~~~~~~~~~~^^^^^^^^^^^^
KeyError: 'payment_amount_display'

During handling of the above exception, another exception occurred:

Traceback (most recent call last):
  File "C:\Users\jhami\OneDrive\Documentos\proyectos\conversor_ubl_sunat\venv\Lib\site-packages\django\contrib\admin\utils.py", line 272, in lookup_field
    f = _get_non_gfk_field(opts, name)
        ^^^^^^^^^^^^^^^^^^^^^^^^^^^^^^
  File "C:\Users\jhami\OneDrive\Documentos\proyectos\conversor_ubl_sunat\venv\Lib\site-packages\django\contrib\admin\utils.py", line 303, in _get_non_gfk_field
    field = opts.get_field(name)
            ^^^^^^^^^^^^^^^^^^^^
  File "C:\Users\jhami\OneDrive\Documentos\proyectos\conversor_ubl_sunat\venv\Lib\site-packages\django\db\models\options.py", line 683, in get_field
    raise FieldDoesNotExist(
django.core.exceptions.FieldDoesNotExist: InvoicePayment has no field named 'payment_amount_display'

During handling of the above exception, another exception occurred:

Traceback (most recent call last):
  File "C:\Users\jhami\OneDrive\Documentos\proyectos\conversor_ubl_sunat\venv\Lib\site-packages\django\core\handlers\exception.py", line 55, in inner
    response = get_response(request)
               ^^^^^^^^^^^^^^^^^^^^^
  File "C:\Users\jhami\OneDrive\Documentos\proyectos\conversor_ubl_sunat\venv\Lib\site-packages\django\core\handlers\base.py", line 220, in _get_response
    response = response.render()
               ^^^^^^^^^^^^^^^^^
  File "C:\Users\jhami\OneDrive\Documentos\proyectos\conversor_ubl_sunat\venv\Lib\site-packages\django\template\response.py", line 114, in render
    self.content = self.rendered_content
                   ^^^^^^^^^^^^^^^^^^^^^
  File "C:\Users\jhami\OneDrive\Documentos\proyectos\conversor_ubl_sunat\venv\Lib\site-packages\django\template\response.py", line 92, in rendered_content
    return template.render(context, self._request)
           ^^^^^^^^^^^^^^^^^^^^^^^^^^^^^^^^^^^^^^^
  File "C:\Users\jhami\OneDrive\Documentos\proyectos\conversor_ubl_sunat\venv\Lib\site-packages\django\template\backends\django.py", line 61, in render
    return self.template.render(context)
           ^^^^^^^^^^^^^^^^^^^^^^^^^^^^^
  File "C:\Users\jhami\OneDrive\Documentos\proyectos\conversor_ubl_sunat\venv\Lib\site-packages\django\template\base.py", line 175, in render
    return self._render(context)
           ^^^^^^^^^^^^^^^^^^^^^
  File "C:\Users\jhami\OneDrive\Documentos\proyectos\conversor_ubl_sunat\venv\Lib\site-packages\django\template\base.py", line 167, in _render
    return self.nodelist.render(context)
           ^^^^^^^^^^^^^^^^^^^^^^^^^^^^^
  File "C:\Users\jhami\OneDrive\Documentos\proyectos\conversor_ubl_sunat\venv\Lib\site-packages\django\template\base.py", line 1005, in render
    return SafeString("".join([node.render_annotated(context) for node in self]))
                               ^^^^^^^^^^^^^^^^^^^^^^^^^^^^^^
  File "C:\Users\jhami\OneDrive\Documentos\proyectos\conversor_ubl_sunat\venv\Lib\site-packages\django\template\base.py", line 966, in render_annotated
    return self.render(context)
           ^^^^^^^^^^^^^^^^^^^^
  File "C:\Users\jhami\OneDrive\Documentos\proyectos\conversor_ubl_sunat\venv\Lib\site-packages\django\template\loader_tags.py", line 157, in render
    return compiled_parent._render(context)
           ^^^^^^^^^^^^^^^^^^^^^^^^^^^^^^^^
  File "C:\Users\jhami\OneDrive\Documentos\proyectos\conversor_ubl_sunat\venv\Lib\site-packages\django\template\base.py", line 167, in _render
    return self.nodelist.render(context)
           ^^^^^^^^^^^^^^^^^^^^^^^^^^^^^
  File "C:\Users\jhami\OneDrive\Documentos\proyectos\conversor_ubl_sunat\venv\Lib\site-packages\django\template\base.py", line 1005, in render
    return SafeString("".join([node.render_annotated(context) for node in self]))
                               ^^^^^^^^^^^^^^^^^^^^^^^^^^^^^^
  File "C:\Users\jhami\OneDrive\Documentos\proyectos\conversor_ubl_sunat\venv\Lib\site-packages\django\template\base.py", line 966, in render_annotated
    return self.render(context)
           ^^^^^^^^^^^^^^^^^^^^
  File "C:\Users\jhami\OneDrive\Documentos\proyectos\conversor_ubl_sunat\venv\Lib\site-packages\django\template\loader_tags.py", line 157, in render
    return compiled_parent._render(context)
           ^^^^^^^^^^^^^^^^^^^^^^^^^^^^^^^^
  File "C:\Users\jhami\OneDrive\Documentos\proyectos\conversor_ubl_sunat\venv\Lib\site-packages\django\template\base.py", line 167, in _render
    return self.nodelist.render(context)
           ^^^^^^^^^^^^^^^^^^^^^^^^^^^^^
  File "C:\Users\jhami\OneDrive\Documentos\proyectos\conversor_ubl_sunat\venv\Lib\site-packages\django\template\base.py", line 1005, in render
    return SafeString("".join([node.render_annotated(context) for node in self]))
                               ^^^^^^^^^^^^^^^^^^^^^^^^^^^^^^
  File "C:\Users\jhami\OneDrive\Documentos\proyectos\conversor_ubl_sunat\venv\Lib\site-packages\django\template\base.py", line 966, in render_annotated
    return self.render(context)
           ^^^^^^^^^^^^^^^^^^^^
  File "C:\Users\jhami\OneDrive\Documentos\proyectos\conversor_ubl_sunat\venv\Lib\site-packages\django\template\loader_tags.py", line 63, in render
    result = block.nodelist.render(context)
             ^^^^^^^^^^^^^^^^^^^^^^^^^^^^^^
  File "C:\Users\jhami\OneDrive\Documentos\proyectos\conversor_ubl_sunat\venv\Lib\site-packages\django\template\base.py", line 1005, in render
    return SafeString("".join([node.render_annotated(context) for node in self]))
                               ^^^^^^^^^^^^^^^^^^^^^^^^^^^^^^
  File "C:\Users\jhami\OneDrive\Documentos\proyectos\conversor_ubl_sunat\venv\Lib\site-packages\django\template\base.py", line 966, in render_annotated
    return self.render(context)
           ^^^^^^^^^^^^^^^^^^^^
  File "C:\Users\jhami\OneDrive\Documentos\proyectos\conversor_ubl_sunat\venv\Lib\site-packages\django\template\loader_tags.py", line 63, in render
    result = block.nodelist.render(context)
             ^^^^^^^^^^^^^^^^^^^^^^^^^^^^^^
  File "C:\Users\jhami\OneDrive\Documentos\proyectos\conversor_ubl_sunat\venv\Lib\site-packages\django\template\base.py", line 1005, in render
    return SafeString("".join([node.render_annotated(context) for node in self]))
                               ^^^^^^^^^^^^^^^^^^^^^^^^^^^^^^
  File "C:\Users\jhami\OneDrive\Documentos\proyectos\conversor_ubl_sunat\venv\Lib\site-packages\django\template\base.py", line 966, in render_annotated
    return self.render(context)
           ^^^^^^^^^^^^^^^^^^^^
  File "C:\Users\jhami\OneDrive\Documentos\proyectos\conversor_ubl_sunat\venv\Lib\site-packages\django\contrib\admin\templatetags\base.py", line 45, in render
    return super().render(context)
           ^^^^^^^^^^^^^^^^^^^^^^^
  File "C:\Users\jhami\OneDrive\Documentos\proyectos\conversor_ubl_sunat\venv\Lib\site-packages\django\template\library.py", line 258, in render
    _dict = self.func(*resolved_args, **resolved_kwargs)
            ^^^^^^^^^^^^^^^^^^^^^^^^^^^^^^^^^^^^^^^^^^^^
  File "C:\Users\jhami\OneDrive\Documentos\proyectos\conversor_ubl_sunat\venv\Lib\site-packages\django\contrib\admin\templatetags\admin_list.py", line 336, in result_list
    "results": list(results(cl)),
               ^^^^^^^^^^^^^^^^^
  File "C:\Users\jhami\OneDrive\Documentos\proyectos\conversor_ubl_sunat\venv\Lib\site-packages\django\contrib\admin\templatetags\admin_list.py", line 312, in results
    yield ResultList(None, items_for_result(cl, res, None))
          ^^^^^^^^^^^^^^^^^^^^^^^^^^^^^^^^^^^^^^^^^^^^^^^^^
  File "C:\Users\jhami\OneDrive\Documentos\proyectos\conversor_ubl_sunat\venv\Lib\site-packages\django\contrib\admin\templatetags\admin_list.py", line 303, in __init__
    super().__init__(*items)
  File "C:\Users\jhami\OneDrive\Documentos\proyectos\conversor_ubl_sunat\venv\Lib\site-packages\django\contrib\admin\templatetags\admin_list.py", line 213, in items_for_result
    f, attr, value = lookup_field(field_name, result, cl.model_admin)
                     ^^^^^^^^^^^^^^^^^^^^^^^^^^^^^^^^^^^^^^^^^^^^^^^^
  File "C:\Users\jhami\OneDrive\Documentos\proyectos\conversor_ubl_sunat\venv\Lib\site-packages\django\contrib\admin\utils.py", line 281, in lookup_field
    value = attr(obj)
            ^^^^^^^^^
  File "C:\Users\jhami\OneDrive\Documentos\proyectos\conversor_ubl_sunat\ubl_converter\admin.py", line 499, in payment_amount_display
    return format_html('<strong>S/ {:.2f}</strong>', obj.payment_amount)
           ^^^^^^^^^^^^^^^^^^^^^^^^^^^^^^^^^^^^^^^^^^^^^^^^^^^^^^^^^^^^^
  File "C:\Users\jhami\OneDrive\Documentos\proyectos\conversor_ubl_sunat\venv\Lib\site-packages\django\utils\html.py", line 105, in format_html
    return mark_safe(format_string.format(*args_safe, **kwargs_safe))
                     ^^^^^^^^^^^^^^^^^^^^^^^^^^^^^^^^^^^^^^^^^^^^^^^
ValueError: Unknown format code 'f' for object of type 'SafeString'
ERROR 2025-07-17 12:04:26,306 basehttp 30440 9756 "GET /admin/ubl_converter/invoicepayment/ HTTP/1.1" 500 406880
INFO 2025-07-17 12:04:26,775 basehttp 30440 9756 "GET /admin/ HTTP/1.1" 200 9774
INFO 2025-07-17 12:04:27,757 basehttp 30440 15292 "GET /admin/core/company/ HTTP/1.1" 200 14238
INFO 2025-07-17 12:04:27,791 basehttp 30440 21620 "GET /static/admin/js/jquery.init.js HTTP/1.1" 200 347
INFO 2025-07-17 12:04:27,791 basehttp 30440 15292 "GET /static/admin/css/changelists.css HTTP/1.1" 200 6566
INFO 2025-07-17 12:04:27,792 basehttp 30440 22464 "GET /static/admin/js/admin/RelatedObjectLookups.js HTTP/1.1" 200 8943
INFO 2025-07-17 12:04:27,793 basehttp 30440 35200 "GET /static/admin/js/core.js HTTP/1.1" 200 5682
INFO 2025-07-17 12:04:27,797 basehttp 30440 15292 "GET /static/admin/js/actions.js HTTP/1.1" 200 7872
INFO 2025-07-17 12:04:27,798 basehttp 30440 22464 "GET /static/admin/js/prepopulate.js HTTP/1.1" 200 1531
INFO 2025-07-17 12:04:27,799 basehttp 30440 21620 "GET /static/admin/js/urlify.js HTTP/1.1" 200 7887
INFO 2025-07-17 12:04:27,804 basehttp 30440 15292 "GET /static/admin/img/search.svg HTTP/1.1" 200 458
INFO 2025-07-17 12:04:27,804 basehttp 30440 21620 "GET /static/admin/img/icon-yes.svg HTTP/1.1" 200 436
INFO 2025-07-17 12:04:27,806 basehttp 30440 6592 "GET /static/admin/js/vendor/jquery/jquery.js HTTP/1.1" 200 292458
INFO 2025-07-17 12:04:27,807 basehttp 30440 35200 "GET /static/admin/js/vendor/xregexp/xregexp.js HTTP/1.1" 200 232381
INFO 2025-07-17 12:04:27,812 basehttp 30440 35200 "GET /static/admin/js/filters.js HTTP/1.1" 200 978
INFO 2025-07-17 12:04:27,842 basehttp 30440 26892 "GET /admin/jsi18n/ HTTP/1.1" 200 8006
INFO 2025-07-17 12:04:27,860 basehttp 30440 26892 "GET /static/admin/img/tooltag-add.svg HTTP/1.1" 200 331
INFO 2025-07-17 12:04:29,065 basehttp 30440 26892 "GET /admin/core/documentlog/ HTTP/1.1" 200 12341
INFO 2025-07-17 12:04:29,123 basehttp 30440 26892 "GET /admin/jsi18n/ HTTP/1.1" 200 8006
ERROR 2025-07-17 12:04:29,791 log 30440 26892 Internal Server Error: /admin/core/product/
Traceback (most recent call last):
  File "C:\Users\jhami\OneDrive\Documentos\proyectos\conversor_ubl_sunat\venv\Lib\site-packages\django\db\models\options.py", line 681, in get_field
    return self.fields_map[field_name]
           ~~~~~~~~~~~~~~~^^^^^^^^^^^^
KeyError: 'unit_price_display'

During handling of the above exception, another exception occurred:

Traceback (most recent call last):
  File "C:\Users\jhami\OneDrive\Documentos\proyectos\conversor_ubl_sunat\venv\Lib\site-packages\django\contrib\admin\utils.py", line 272, in lookup_field
    f = _get_non_gfk_field(opts, name)
        ^^^^^^^^^^^^^^^^^^^^^^^^^^^^^^
  File "C:\Users\jhami\OneDrive\Documentos\proyectos\conversor_ubl_sunat\venv\Lib\site-packages\django\contrib\admin\utils.py", line 303, in _get_non_gfk_field
    field = opts.get_field(name)
            ^^^^^^^^^^^^^^^^^^^^
  File "C:\Users\jhami\OneDrive\Documentos\proyectos\conversor_ubl_sunat\venv\Lib\site-packages\django\db\models\options.py", line 683, in get_field
    raise FieldDoesNotExist(
django.core.exceptions.FieldDoesNotExist: Product has no field named 'unit_price_display'

During handling of the above exception, another exception occurred:

Traceback (most recent call last):
  File "C:\Users\jhami\OneDrive\Documentos\proyectos\conversor_ubl_sunat\venv\Lib\site-packages\django\core\handlers\exception.py", line 55, in inner
    response = get_response(request)
               ^^^^^^^^^^^^^^^^^^^^^
  File "C:\Users\jhami\OneDrive\Documentos\proyectos\conversor_ubl_sunat\venv\Lib\site-packages\django\core\handlers\base.py", line 220, in _get_response
    response = response.render()
               ^^^^^^^^^^^^^^^^^
  File "C:\Users\jhami\OneDrive\Documentos\proyectos\conversor_ubl_sunat\venv\Lib\site-packages\django\template\response.py", line 114, in render
    self.content = self.rendered_content
                   ^^^^^^^^^^^^^^^^^^^^^
  File "C:\Users\jhami\OneDrive\Documentos\proyectos\conversor_ubl_sunat\venv\Lib\site-packages\django\template\response.py", line 92, in rendered_content
    return template.render(context, self._request)
           ^^^^^^^^^^^^^^^^^^^^^^^^^^^^^^^^^^^^^^^
  File "C:\Users\jhami\OneDrive\Documentos\proyectos\conversor_ubl_sunat\venv\Lib\site-packages\django\template\backends\django.py", line 61, in render
    return self.template.render(context)
           ^^^^^^^^^^^^^^^^^^^^^^^^^^^^^
  File "C:\Users\jhami\OneDrive\Documentos\proyectos\conversor_ubl_sunat\venv\Lib\site-packages\django\template\base.py", line 175, in render
    return self._render(context)
           ^^^^^^^^^^^^^^^^^^^^^
  File "C:\Users\jhami\OneDrive\Documentos\proyectos\conversor_ubl_sunat\venv\Lib\site-packages\django\template\base.py", line 167, in _render
    return self.nodelist.render(context)
           ^^^^^^^^^^^^^^^^^^^^^^^^^^^^^
  File "C:\Users\jhami\OneDrive\Documentos\proyectos\conversor_ubl_sunat\venv\Lib\site-packages\django\template\base.py", line 1005, in render
    return SafeString("".join([node.render_annotated(context) for node in self]))
                               ^^^^^^^^^^^^^^^^^^^^^^^^^^^^^^
  File "C:\Users\jhami\OneDrive\Documentos\proyectos\conversor_ubl_sunat\venv\Lib\site-packages\django\template\base.py", line 966, in render_annotated
    return self.render(context)
           ^^^^^^^^^^^^^^^^^^^^
  File "C:\Users\jhami\OneDrive\Documentos\proyectos\conversor_ubl_sunat\venv\Lib\site-packages\django\template\loader_tags.py", line 157, in render
    return compiled_parent._render(context)
           ^^^^^^^^^^^^^^^^^^^^^^^^^^^^^^^^
  File "C:\Users\jhami\OneDrive\Documentos\proyectos\conversor_ubl_sunat\venv\Lib\site-packages\django\template\base.py", line 167, in _render
    return self.nodelist.render(context)
           ^^^^^^^^^^^^^^^^^^^^^^^^^^^^^
  File "C:\Users\jhami\OneDrive\Documentos\proyectos\conversor_ubl_sunat\venv\Lib\site-packages\django\template\base.py", line 1005, in render
    return SafeString("".join([node.render_annotated(context) for node in self]))
                               ^^^^^^^^^^^^^^^^^^^^^^^^^^^^^^
  File "C:\Users\jhami\OneDrive\Documentos\proyectos\conversor_ubl_sunat\venv\Lib\site-packages\django\template\base.py", line 966, in render_annotated
    return self.render(context)
           ^^^^^^^^^^^^^^^^^^^^
  File "C:\Users\jhami\OneDrive\Documentos\proyectos\conversor_ubl_sunat\venv\Lib\site-packages\django\template\loader_tags.py", line 157, in render
    return compiled_parent._render(context)
           ^^^^^^^^^^^^^^^^^^^^^^^^^^^^^^^^
  File "C:\Users\jhami\OneDrive\Documentos\proyectos\conversor_ubl_sunat\venv\Lib\site-packages\django\template\base.py", line 167, in _render
    return self.nodelist.render(context)
           ^^^^^^^^^^^^^^^^^^^^^^^^^^^^^
  File "C:\Users\jhami\OneDrive\Documentos\proyectos\conversor_ubl_sunat\venv\Lib\site-packages\django\template\base.py", line 1005, in render
    return SafeString("".join([node.render_annotated(context) for node in self]))
                               ^^^^^^^^^^^^^^^^^^^^^^^^^^^^^^
  File "C:\Users\jhami\OneDrive\Documentos\proyectos\conversor_ubl_sunat\venv\Lib\site-packages\django\template\base.py", line 966, in render_annotated
    return self.render(context)
           ^^^^^^^^^^^^^^^^^^^^
  File "C:\Users\jhami\OneDrive\Documentos\proyectos\conversor_ubl_sunat\venv\Lib\site-packages\django\template\loader_tags.py", line 63, in render
    result = block.nodelist.render(context)
             ^^^^^^^^^^^^^^^^^^^^^^^^^^^^^^
  File "C:\Users\jhami\OneDrive\Documentos\proyectos\conversor_ubl_sunat\venv\Lib\site-packages\django\template\base.py", line 1005, in render
    return SafeString("".join([node.render_annotated(context) for node in self]))
                               ^^^^^^^^^^^^^^^^^^^^^^^^^^^^^^
  File "C:\Users\jhami\OneDrive\Documentos\proyectos\conversor_ubl_sunat\venv\Lib\site-packages\django\template\base.py", line 966, in render_annotated
    return self.render(context)
           ^^^^^^^^^^^^^^^^^^^^
  File "C:\Users\jhami\OneDrive\Documentos\proyectos\conversor_ubl_sunat\venv\Lib\site-packages\django\template\loader_tags.py", line 63, in render
    result = block.nodelist.render(context)
             ^^^^^^^^^^^^^^^^^^^^^^^^^^^^^^
  File "C:\Users\jhami\OneDrive\Documentos\proyectos\conversor_ubl_sunat\venv\Lib\site-packages\django\template\base.py", line 1005, in render
    return SafeString("".join([node.render_annotated(context) for node in self]))
                               ^^^^^^^^^^^^^^^^^^^^^^^^^^^^^^
  File "C:\Users\jhami\OneDrive\Documentos\proyectos\conversor_ubl_sunat\venv\Lib\site-packages\django\template\base.py", line 966, in render_annotated
    return self.render(context)
           ^^^^^^^^^^^^^^^^^^^^
  File "C:\Users\jhami\OneDrive\Documentos\proyectos\conversor_ubl_sunat\venv\Lib\site-packages\django\contrib\admin\templatetags\base.py", line 45, in render
    return super().render(context)
           ^^^^^^^^^^^^^^^^^^^^^^^
  File "C:\Users\jhami\OneDrive\Documentos\proyectos\conversor_ubl_sunat\venv\Lib\site-packages\django\template\library.py", line 258, in render
    _dict = self.func(*resolved_args, **resolved_kwargs)
            ^^^^^^^^^^^^^^^^^^^^^^^^^^^^^^^^^^^^^^^^^^^^
  File "C:\Users\jhami\OneDrive\Documentos\proyectos\conversor_ubl_sunat\venv\Lib\site-packages\django\contrib\admin\templatetags\admin_list.py", line 336, in result_list
    "results": list(results(cl)),
               ^^^^^^^^^^^^^^^^^
  File "C:\Users\jhami\OneDrive\Documentos\proyectos\conversor_ubl_sunat\venv\Lib\site-packages\django\contrib\admin\templatetags\admin_list.py", line 312, in results
    yield ResultList(None, items_for_result(cl, res, None))
          ^^^^^^^^^^^^^^^^^^^^^^^^^^^^^^^^^^^^^^^^^^^^^^^^^
  File "C:\Users\jhami\OneDrive\Documentos\proyectos\conversor_ubl_sunat\venv\Lib\site-packages\django\contrib\admin\templatetags\admin_list.py", line 303, in __init__
    super().__init__(*items)
  File "C:\Users\jhami\OneDrive\Documentos\proyectos\conversor_ubl_sunat\venv\Lib\site-packages\django\contrib\admin\templatetags\admin_list.py", line 213, in items_for_result
    f, attr, value = lookup_field(field_name, result, cl.model_admin)
                     ^^^^^^^^^^^^^^^^^^^^^^^^^^^^^^^^^^^^^^^^^^^^^^^^
  File "C:\Users\jhami\OneDrive\Documentos\proyectos\conversor_ubl_sunat\venv\Lib\site-packages\django\contrib\admin\utils.py", line 281, in lookup_field
    value = attr(obj)
            ^^^^^^^^^
  File "C:\Users\jhami\OneDrive\Documentos\proyectos\conversor_ubl_sunat\core\admin.py", line 169, in unit_price_display
    return format_html('S/ <strong>{:.2f}</strong>', obj.unit_price)
           ^^^^^^^^^^^^^^^^^^^^^^^^^^^^^^^^^^^^^^^^^^^^^^^^^^^^^^^^^
  File "C:\Users\jhami\OneDrive\Documentos\proyectos\conversor_ubl_sunat\venv\Lib\site-packages\django\utils\html.py", line 105, in format_html
    return mark_safe(format_string.format(*args_safe, **kwargs_safe))
                     ^^^^^^^^^^^^^^^^^^^^^^^^^^^^^^^^^^^^^^^^^^^^^^^
ValueError: Unknown format code 'f' for object of type 'SafeString'
ERROR 2025-07-17 12:04:29,795 basehttp 30440 26892 "GET /admin/core/product/ HTTP/1.1" 500 406965
INFO 2025-07-17 12:04:30,480 basehttp 30440 26892 "GET /admin/core/documentlog/ HTTP/1.1" 200 12341
INFO 2025-07-17 12:04:31,283 basehttp 30440 26892 "GET /admin/core/customer/ HTTP/1.1" 200 15329
INFO 2025-07-17 12:04:31,340 basehttp 30440 26892 "GET /admin/jsi18n/ HTTP/1.1" 200 8006
INFO 2025-07-17 12:04:33,890 basehttp 30440 26892 "GET /admin/core/customer/ HTTP/1.1" 200 15329
INFO 2025-07-17 12:04:33,946 basehttp 30440 26892 "GET /admin/jsi18n/ HTTP/1.1" 200 8006
INFO 2025-07-17 13:43:17,844 autoreload 30440 21808 C:\Users\jhami\OneDrive\Documentos\proyectos\conversor_ubl_sunat\api\views.py changed, reloading.
INFO 2025-07-17 13:43:20,488 autoreload 35048 8348 Watching for file changes with StatReloader
INFO 2025-07-17 13:43:24,767 autoreload 35048 8348 C:\Users\jhami\OneDrive\Documentos\proyectos\conversor_ubl_sunat\api\urls.py changed, reloading.
INFO 2025-07-17 13:43:25,501 autoreload 35424 23600 Watching for file changes with StatReloader
